Flutter crash report; please file at https://github.com/flutter/flutter/issues.

## command

flutter run --machine --target lib\main.dart -d TWV4GEGISSBIUS85 --track-widget-creation --start-paused

## exception

FileSystemException: FileSystemException: Cannot open file, path = 'E:\1PROJECT ANDROID\app_1\android\local.properties' (OS Error: Access is denied.
, errno = 5)

```
#0      _File.throwIfError (dart:io/file_impl.dart:645:7)
#1      _File.openSync (dart:io/file_impl.dart:489:5)
#2      _File.writeAsBytesSync (dart:io/file_impl.dart:614:31)
#3      _File.writeAsStringSync (dart:io/file_impl.dart:638:5)
#4      ForwardingFile.writeAsStringSync (package:file/src/forwarding/forwarding_file.dart:154:16)
#5      SettingsFile.writeContents (package:flutter_tools/src/base/utils.dart:211:10)
#6      updateLocalProperties (package:flutter_tools/src/android/gradle_utils.dart:263:14)
#7      AndroidProject.ensureReadyForPlatformSpecificTooling (package:flutter_tools/src/project.dart:599:5)
#8      FlutterProject.ensureReadyForPlatformSpecificTooling (package:flutter_tools/src/project.dart:210:21)
#9      FlutterCommand.verifyThenRunCommand (package:flutter_tools/src/runner/flutter_command.dart:601:21)
<asynchronous suspension>
#10     FlutterCommand.run.<anonymous closure> (package:flutter_tools/src/runner/flutter_command.dart:515:33)
<asynchronous suspension>
#11     AppContext.run.<anonymous closure> (package:flutter_tools/src/base/context.dart:146:29)
#12     _rootRun (dart:async/zone.dart:1126:13)
#13     _CustomZone.run (dart:async/zone.dart:1023:19)
#14     _runZoned (dart:async/zone.dart:1518:10)
#15     runZoned (dart:async/zone.dart:1465:12)
#16     AppContext.run (package:flutter_tools/src/base/context.dart:145:18)
#17     FlutterCommand.run (package:flutter_tools/src/runner/flutter_command.dart:505:20)
#18     CommandRunner.runCommand (package:args/command_runner.dart:197:27)
#19     FlutterCommandRunner.runCommand.<anonymous closure> (package:flutter_tools/src/runner/flutter_command_runner.dart:413:21)
<asynchronous suspension>
#20     AppContext.run.<anonymous closure> (package:flutter_tools/src/base/context.dart:146:29)
#21     _rootRun (dart:async/zone.dart:1126:13)
#22     _CustomZone.run (dart:async/zone.dart:1023:19)
#23     _runZoned (dart:async/zone.dart:1518:10)
#24     runZoned (dart:async/zone.dart:1465:12)
#25     AppContext.run (package:flutter_tools/src/base/context.dart:145:18)
#26     FlutterCommandRunner.runCommand (package:flutter_tools/src/runner/flutter_command_runner.dart:364:19)
#27     CommandRunner.run.<anonymous closure> (package:args/command_runner.dart:112:25)
#28     new Future.sync (dart:async/future.dart:224:31)
#29     CommandRunner.run (package:args/command_runner.dart:112:14)
#30     FlutterCommandRunner.run (package:flutter_tools/src/runner/flutter_command_runner.dart:250:18)
#31     run.<anonymous closure>.<anonymous closure> (package:flutter_tools/runner.dart:63:22)
#32     _rootRun (dart:async/zone.dart:1126:13)
#33     _CustomZone.run (dart:async/zone.dart:1023:19)
#34     _runZoned (dart:async/zone.dart:1518:10)
#35     runZoned (dart:async/zone.dart:1502:12)
#36     run.<anonymous closure> (package:flutter_tools/runner.dart:61:18)
<asynchronous suspension>
#37     AppContext.run.<anonymous closure> (package:flutter_tools/src/base/context.dart:146:29)
#38     _rootRun (dart:async/zone.dart:1126:13)
#39     _CustomZone.run (dart:async/zone.dart:1023:19)
#40     _runZoned (dart:async/zone.dart:1518:10)
#41     runZoned (dart:async/zone.dart:1465:12)
#42     AppContext.run (package:flutter_tools/src/base/context.dart:145:18)
#43     runInContext (package:flutter_tools/src/context_runner.dart:64:24)
#44     run (package:flutter_tools/runner.dart:50:10)
#45     main (package:flutter_tools/executable.dart:65:9)
#46     main (file:///C:/b/s/w/ir/k/archive/flutter/packages/flutter_tools/bin/flutter_tools.dart:8:3)
#47     _startIsolate.<anonymous closure> (dart:isolate-patch/isolate_patch.dart:305:32)
#48     _RawReceivePortImpl._handleMessage (dart:isolate-patch/isolate_patch.dart:174:12)
```

## flutter doctor

```
[✓] Flutter (Channel stable, v1.12.13+hotfix.8, on Microsoft Windows [Version 10.0.14393], locale en-US)
    • Flutter version 1.12.13+hotfix.8 at C:\flutter
    • Framework revision 0b8abb4724 (7 weeks ago), 2020-02-11 11:44:36 -0800
    • Engine revision e1e6ced81d
    • Dart version 2.7.0

[!] Android toolchain - develop for Android devices (Android SDK version 29.0.3)
    • Android SDK at C:\Users\Dewira\AppData\Local\Android\sdk
    • Android NDK location not configured (optional; useful for native profiling support)
    • Platform android-29, build-tools 29.0.3
    • Java binary at: C:\Program Files\Android\Android Studio\jre\bin\java
    • Java version OpenJDK Runtime Environment (build 1.8.0_212-release-1586-b04)
    ✗ Android license status unknown.
      Try re-installing or updating your Android SDK Manager.
      See https://developer.android.com/studio/#downloads or visit https://flutter.dev/setup/#android-setup for detailed instructions.

[!] Android Studio (version 3.6)
    • Android Studio at C:\Program Files\Android\Android Studio
    ✗ Flutter plugin not installed; this adds Flutter specific functionality.
    ✗ Dart plugin not installed; this adds Dart specific functionality.
    • Java version OpenJDK Runtime Environment (build 1.8.0_212-release-1586-b04)

[✓] VS Code (version 1.43.2)
    • VS Code at C:\Users\Dewira\AppData\Local\Programs\Microsoft VS Code
    • Flutter extension version 3.8.1

[✓] Connected device (1 available)
    • vivo 1802 • TWV4GEGISSBIUS85 • android-arm64 • Android 8.1.0 (API 27)

! Doctor found issues in 2 categories.
```
